<?xml version="1.0" encoding="UTF-8"?>
<testsuite name="ClienteTest" tests="1" skipped="0" failures="0" errors="0" timestamp="2024-06-09T08:56:13" hostname="ditto" time="0.033">
  <properties/>
  <testcase name="clienteTeste()" classname="ClienteTest" time="0.033"/>
  <system-out><![CDATA[]]></system-out>
  <system-err><![CDATA[]]></system-err>
</testsuite>
